<?xml version="1.0" encoding="UTF-8"?>
<robot generator="Robot 7.3.2 (Python 3.13.1 on win32)" generated="2025-11-03T17:42:11.846370" rpa="false" schemaversion="5">
<suite id="s1" name="Login Test" source="D:\Robot\tests\login_test.robot">
<test id="s1-t1" name="Open Website" line="7">
<kw name="Abrir Navegador" owner="login_keywords" type="SETUP">
<kw name="Open Browser" owner="SeleniumLibrary">
<msg time="2025-11-03T17:42:12.215243" level="INFO">Opening browser 'chrome' to base url 'https://www.saucedemo.com/'.</msg>
<arg>${URL}</arg>
<arg>chrome</arg>
<doc>Opens a new browser instance to the optional ``url``.</doc>
<status status="PASS" start="2025-11-03T17:42:12.214997" elapsed="2.371304"/>
</kw>
<kw name="Maximize Browser Window" owner="SeleniumLibrary">
<doc>Maximizes current browser window.</doc>
<status status="PASS" start="2025-11-03T17:42:14.586595" elapsed="0.032781"/>
</kw>
<status status="PASS" start="2025-11-03T17:42:12.214347" elapsed="2.405276"/>
</kw>
<kw name="Log To Console" owner="BuiltIn">
<arg>Navegador Aberto com sucesso!</arg>
<doc>Logs the given message to the console.</doc>
<status status="PASS" start="2025-11-03T17:42:14.620406" elapsed="0.000505"/>
</kw>
<kw name="Fechar Navegador" owner="login_keywords" type="TEARDOWN">
<kw name="Close All Browsers" owner="SeleniumLibrary">
<doc>Closes all open browsers and resets the browser cache.</doc>
<status status="PASS" start="2025-11-03T17:42:14.621934" elapsed="2.153644"/>
</kw>
<status status="PASS" start="2025-11-03T17:42:14.621467" elapsed="2.154239"/>
</kw>
<status status="PASS" start="2025-11-03T17:42:12.213693" elapsed="4.562314"/>
</test>
<test id="s1-t2" name="Log in" line="10">
<kw name="Abrir Navegador" owner="login_keywords" type="SETUP">
<kw name="Open Browser" owner="SeleniumLibrary">
<msg time="2025-11-03T17:42:16.777695" level="INFO">Opening browser 'chrome' to base url 'https://www.saucedemo.com/'.</msg>
<arg>${URL}</arg>
<arg>chrome</arg>
<doc>Opens a new browser instance to the optional ``url``.</doc>
<status status="PASS" start="2025-11-03T17:42:16.777524" elapsed="2.151755"/>
</kw>
<kw name="Maximize Browser Window" owner="SeleniumLibrary">
<doc>Maximizes current browser window.</doc>
<status status="PASS" start="2025-11-03T17:42:18.929440" elapsed="0.033098"/>
</kw>
<status status="PASS" start="2025-11-03T17:42:16.777294" elapsed="2.185457"/>
</kw>
<kw name="Fazer Login" owner="login_keywords">
<kw name="Input Text" owner="SeleniumLibrary">
<msg time="2025-11-03T17:42:18.964286" level="INFO">Typing text 'standard_user' into text field 'user-name'.</msg>
<arg>user-name</arg>
<arg>standard_user</arg>
<doc>Types the given ``text`` into the text field identified by ``locator``.</doc>
<status status="PASS" start="2025-11-03T17:42:18.963873" elapsed="0.102305"/>
</kw>
<kw name="Input Password" owner="SeleniumLibrary">
<msg time="2025-11-03T17:42:19.066514" level="INFO">Typing password into text field 'password'.</msg>
<msg time="2025-11-03T17:42:19.089318" level="INFO">Temporally setting log level to: NONE</msg>
<arg>password</arg>
<arg>secret_sauce</arg>
<doc>Types the given password into the text field identified by ``locator``.</doc>
<status status="PASS" start="2025-11-03T17:42:19.066336" elapsed="0.066649"/>
</kw>
<kw name="Click Button" owner="SeleniumLibrary">
<msg time="2025-11-03T17:42:19.133834" level="INFO">Clicking button 'login-button'.</msg>
<arg>login-button</arg>
<doc>Clicks the button identified by ``locator``.</doc>
<status status="PASS" start="2025-11-03T17:42:19.133259" elapsed="0.102396"/>
</kw>
<status status="PASS" start="2025-11-03T17:42:18.963511" elapsed="0.272257"/>
</kw>
<kw name="Sleep" owner="BuiltIn">
<msg time="2025-11-03T17:42:22.236650" level="INFO">Slept 3 seconds.</msg>
<arg>3</arg>
<doc>Pauses the test executed for the given time.</doc>
<status status="PASS" start="2025-11-03T17:42:19.236013" elapsed="3.000742"/>
</kw>
<kw name="Fechar Navegador" owner="login_keywords" type="TEARDOWN">
<kw name="Close All Browsers" owner="SeleniumLibrary">
<doc>Closes all open browsers and resets the browser cache.</doc>
<status status="PASS" start="2025-11-03T17:42:22.237631" elapsed="2.151291"/>
</kw>
<status status="PASS" start="2025-11-03T17:42:22.237338" elapsed="2.151702"/>
</kw>
<status status="PASS" start="2025-11-03T17:42:16.776887" elapsed="7.612444"/>
</test>
<test id="s1-t3" name="Tela inicial" line="14">
<kw name="Abrir Navegador" owner="login_keywords" type="SETUP">
<kw name="Open Browser" owner="SeleniumLibrary">
<msg time="2025-11-03T17:42:24.391029" level="INFO">Opening browser 'chrome' to base url 'https://www.saucedemo.com/'.</msg>
<arg>${URL}</arg>
<arg>chrome</arg>
<doc>Opens a new browser instance to the optional ``url``.</doc>
<status status="PASS" start="2025-11-03T17:42:24.390867" elapsed="2.174240"/>
</kw>
<kw name="Maximize Browser Window" owner="SeleniumLibrary">
<doc>Maximizes current browser window.</doc>
<status status="PASS" start="2025-11-03T17:42:26.565307" elapsed="0.030003"/>
</kw>
<status status="PASS" start="2025-11-03T17:42:24.390642" elapsed="2.204832"/>
</kw>
<kw name="Fazer Login" owner="login_keywords">
<kw name="Input Text" owner="SeleniumLibrary">
<msg time="2025-11-03T17:42:26.597822" level="INFO">Typing text 'standard_user' into text field 'user-name'.</msg>
<arg>user-name</arg>
<arg>standard_user</arg>
<doc>Types the given ``text`` into the text field identified by ``locator``.</doc>
<status status="PASS" start="2025-11-03T17:42:26.597535" elapsed="0.103256"/>
</kw>
<kw name="Input Password" owner="SeleniumLibrary">
<msg time="2025-11-03T17:42:26.701129" level="INFO">Typing password into text field 'password'.</msg>
<msg time="2025-11-03T17:42:26.723296" level="INFO">Temporally setting log level to: NONE</msg>
<arg>password</arg>
<arg>secret_sauce</arg>
<doc>Types the given password into the text field identified by ``locator``.</doc>
<status status="PASS" start="2025-11-03T17:42:26.700954" elapsed="0.069595"/>
</kw>
<kw name="Click Button" owner="SeleniumLibrary">
<msg time="2025-11-03T17:42:26.771077" level="INFO">Clicking button 'login-button'.</msg>
<arg>login-button</arg>
<doc>Clicks the button identified by ``locator``.</doc>
<status status="PASS" start="2025-11-03T17:42:26.770788" elapsed="0.096505"/>
</kw>
<status status="PASS" start="2025-11-03T17:42:26.597120" elapsed="0.270319"/>
</kw>
<kw name="Verificar Tela inicial" owner="login_keywords">
<kw name="Title Should Be" owner="SeleniumLibrary">
<msg time="2025-11-03T17:42:26.872806" level="INFO">Page title is 'Swag Labs'.</msg>
<arg>Swag Labs</arg>
<doc>Verifies that the current page title equals ``title``.</doc>
<status status="PASS" start="2025-11-03T17:42:26.867967" elapsed="0.004967"/>
</kw>
<status status="PASS" start="2025-11-03T17:42:26.867719" elapsed="0.005353"/>
</kw>
<kw name="Sleep" owner="BuiltIn">
<msg time="2025-11-03T17:42:28.873743" level="INFO">Slept 2 seconds.</msg>
<arg>2</arg>
<doc>Pauses the test executed for the given time.</doc>
<status status="PASS" start="2025-11-03T17:42:26.873353" elapsed="2.000492"/>
</kw>
<kw name="Fechar Navegador" owner="login_keywords" type="TEARDOWN">
<kw name="Close All Browsers" owner="SeleniumLibrary">
<doc>Closes all open browsers and resets the browser cache.</doc>
<status status="PASS" start="2025-11-03T17:42:28.874716" elapsed="2.134403"/>
</kw>
<status status="PASS" start="2025-11-03T17:42:28.874417" elapsed="2.134821"/>
</kw>
<status status="PASS" start="2025-11-03T17:42:24.390204" elapsed="6.619295"/>
</test>
<test id="s1-t4" name="Logar e Adicionar produto" line="19">
<kw name="Abrir Navegador" owner="login_keywords" type="SETUP">
<kw name="Open Browser" owner="SeleniumLibrary">
<msg time="2025-11-03T17:42:31.011130" level="INFO">Opening browser 'chrome' to base url 'https://www.saucedemo.com/'.</msg>
<arg>${URL}</arg>
<arg>chrome</arg>
<doc>Opens a new browser instance to the optional ``url``.</doc>
<status status="PASS" start="2025-11-03T17:42:31.010970" elapsed="2.119271"/>
</kw>
<kw name="Maximize Browser Window" owner="SeleniumLibrary">
<doc>Maximizes current browser window.</doc>
<status status="PASS" start="2025-11-03T17:42:33.130491" elapsed="0.030506"/>
</kw>
<status status="PASS" start="2025-11-03T17:42:31.010749" elapsed="2.150538"/>
</kw>
<kw name="Fazer Login" owner="login_keywords">
<kw name="Input Text" owner="SeleniumLibrary">
<msg time="2025-11-03T17:42:33.164842" level="INFO">Typing text 'standard_user' into text field 'user-name'.</msg>
<arg>user-name</arg>
<arg>standard_user</arg>
<doc>Types the given ``text`` into the text field identified by ``locator``.</doc>
<status status="PASS" start="2025-11-03T17:42:33.164604" elapsed="0.103164"/>
</kw>
<kw name="Input Password" owner="SeleniumLibrary">
<msg time="2025-11-03T17:42:33.268095" level="INFO">Typing password into text field 'password'.</msg>
<msg time="2025-11-03T17:42:33.291017" level="INFO">Temporally setting log level to: NONE</msg>
<arg>password</arg>
<arg>secret_sauce</arg>
<doc>Types the given password into the text field identified by ``locator``.</doc>
<status status="PASS" start="2025-11-03T17:42:33.267926" elapsed="0.070057"/>
</kw>
<kw name="Click Button" owner="SeleniumLibrary">
<msg time="2025-11-03T17:42:33.338379" level="INFO">Clicking button 'login-button'.</msg>
<arg>login-button</arg>
<doc>Clicks the button identified by ``locator``.</doc>
<status status="PASS" start="2025-11-03T17:42:33.338183" elapsed="0.096576"/>
</kw>
<status status="PASS" start="2025-11-03T17:42:33.164244" elapsed="0.270667"/>
</kw>
<kw name="Adicionar Produto ao Carrinho" owner="login_keywords">
<kw name="Click Button" owner="SeleniumLibrary">
<msg time="2025-11-03T17:42:33.435795" level="INFO">Clicking button 'add-to-cart-sauce-labs-backpack'.</msg>
<arg>add-to-cart-sauce-labs-backpack</arg>
<doc>Clicks the button identified by ``locator``.</doc>
<status status="PASS" start="2025-11-03T17:42:33.435583" elapsed="0.065606"/>
</kw>
<kw name="Wait Until Element Is Visible" owner="SeleniumLibrary">
<arg>xpath=//a[@data-test='shopping-cart-link']</arg>
<arg>timeout=10s</arg>
<doc>Waits until the element ``locator`` is visible.</doc>
<status status="PASS" start="2025-11-03T17:42:33.501371" elapsed="0.023754"/>
</kw>
<kw name="Click Element" owner="SeleniumLibrary">
<msg time="2025-11-03T17:42:33.525643" level="INFO">Clicking element 'xpath=//a[@data-test='shopping-cart-link']'.</msg>
<arg>xpath=//a[@data-test='shopping-cart-link']</arg>
<doc>Click the element identified by ``locator``.</doc>
<status status="PASS" start="2025-11-03T17:42:33.525373" elapsed="0.078163"/>
</kw>
<kw name="Page Should Contain" owner="SeleniumLibrary">
<msg time="2025-11-03T17:42:33.617154" level="INFO">Current page contains text 'Sauce Labs'.</msg>
<arg>Sauce Labs</arg>
<doc>Verifies that current page contains ``text``.</doc>
<status status="PASS" start="2025-11-03T17:42:33.603953" elapsed="0.013319"/>
</kw>
<status status="PASS" start="2025-11-03T17:42:33.435238" elapsed="0.182195"/>
</kw>
<kw name="Sleep" owner="BuiltIn">
<msg time="2025-11-03T17:42:35.618539" level="INFO">Slept 2 seconds.</msg>
<arg>2</arg>
<doc>Pauses the test executed for the given time.</doc>
<status status="PASS" start="2025-11-03T17:42:33.617716" elapsed="2.000989"/>
</kw>
<kw name="Fechar Navegador" owner="login_keywords" type="TEARDOWN">
<kw name="Close All Browsers" owner="SeleniumLibrary">
<doc>Closes all open browsers and resets the browser cache.</doc>
<status status="PASS" start="2025-11-03T17:42:35.619511" elapsed="2.138879"/>
</kw>
<status status="PASS" start="2025-11-03T17:42:35.619251" elapsed="2.139255"/>
</kw>
<status status="PASS" start="2025-11-03T17:42:31.010340" elapsed="6.748451"/>
</test>
<status status="PASS" start="2025-11-03T17:42:11.848800" elapsed="25.911001"/>
</suite>
<statistics>
<total>
<stat pass="4" fail="0" skip="0">All Tests</stat>
</total>
<tag>
</tag>
<suite>
<stat name="Login Test" id="s1" pass="4" fail="0" skip="0">Login Test</stat>
</suite>
</statistics>
<errors>
</errors>
</robot>
